info it worked if it ends with ok
verbose cli [ 'node', '/usr/local/bin/npm', 'test' ]
info using npm@1.0.105
info using node@v0.6.19
verbose /usr/local/bin/node node symlink
verbose config file /Users/mh014308/.npmrc
verbose config file /usr/local/etc/npmrc
verbose config file /usr/local/lib/node_modules/npm/npmrc
silly testEngine { name: 'R2',
silly testEngine   description: 'a CSS LTR ∞ RTL converter',
silly testEngine   version: '1.1.2',
silly testEngine   homepage: 'https://github.com/ded/r2',
silly testEngine   author: { name: 'Dustin Diaz', email: '@ded' },
silly testEngine   main: 'r2.js',
silly testEngine   preferGlobal: true,
silly testEngine   repository: { type: 'git', url: 'git://github.com/ded/R2.git' },
silly testEngine   engines: { node: '>= 0.4.1' },
silly testEngine   bin: { r2: 'bin/r2' },
silly testEngine   directories: { bin: 'bin' },
silly testEngine   devDependencies: { 'sink-test': '>= 1.0.1' },
silly testEngine   scripts: { test: 'node tests/tests.js' },
silly testEngine   _npmUser: { name: 'mike.hemesath', email: 'mike.hemesath@gmail.com' },
silly testEngine   _id: 'R2@1.1.2',
silly testEngine   dependencies: {},
silly testEngine   _engineSupported: true,
silly testEngine   _npmVersion: '1.0.105',
silly testEngine   _nodeVersion: 'v0.6.19',
silly testEngine   _defaultsLoaded: true }
verbose caching /Users/mh014308/Projects/R2/package.json
verbose loadDefaults R2@1.1.2
verbose run-script [ 'pretest', 'test', 'posttest' ]
info pretest R2@1.1.2
info test R2@1.1.2
verbose unsafe-perm in lifecycle true
silly exec sh "-c" "node tests/tests.js"
silly spawning [ 'sh',
silly spawning   [ '-c', 'node tests/tests.js' ],
silly spawning   '/Users/mh014308/Projects/R2' ]
info R2@1.1.2 Failed to exec test script
ERR! R2@1.1.2 test: `node tests/tests.js`
ERR! `sh "-c" "node tests/tests.js"` failed with 1
ERR! 
ERR! Failed at the R2@1.1.2 test script.
ERR! This is most likely a problem with the R2 package,
ERR! not with npm itself.
ERR! Tell the author that this fails on your system:
ERR!     node tests/tests.js
ERR! You can get their info via:
ERR!     npm owner ls R2
ERR! There is likely additional logging output above.
ERR! 
ERR! System Darwin 10.8.0
ERR! command "node" "/usr/local/bin/npm" "test"
ERR! cwd /Users/mh014308/Projects/R2
ERR! node -v v0.6.19
ERR! npm -v 1.0.105
ERR! code ELIFECYCLE
verbose exit [ 1, true ]
